<?xml version="1.0" encoding="UTF-8"?>
<!-- Generated by org.testng.reporters.JUnitXMLReporter -->
<testsuite ignored="2" hostname="Ranjithkumars-MacBook-Air.local" failures="0" tests="0" time="0.004" errors="0" timestamp="2023-04-03T12:34:13 IST">
  <testcase classname="Testcases_withAssertions.Testcase1" name="testcase2" time="0.0">
    <ignored/>
  </testcase> <!-- testcase2 -->
  <testcase classname="Testcases_withAssertions.Testcase1" name="testcase1" time="0.0">
    <ignored/>
  </testcase> <!-- testcase1 -->
</testsuite>
