<?xml version="1.0" encoding="UTF-8"?>
<testng-results ignored="0" total="1" passed="1" failed="0" skipped="0">
  <reporter-output>
  </reporter-output>
  <suite started-at="2023-08-16T16:44:03 IST" name="Default suite" finished-at="2023-08-16T16:44:04 IST" duration-ms="1144">
    <groups>
    </groups>
    <test started-at="2023-08-16T16:44:03 IST" name="Default test" finished-at="2023-08-16T16:44:04 IST" duration-ms="1144">
      <class name="TESTS.JsonSchemavalidator">
        <test-method signature="testget()[pri:0, instance:TESTS.JsonSchemavalidator@6af93788]" started-at="2023-08-16T16:44:03 IST" name="testget" finished-at="2023-08-16T16:44:04 IST" duration-ms="1129" status="PASS">
          <reporter-output>
          </reporter-output>
        </test-method> <!-- testget -->
      </class> <!-- TESTS.JsonSchemavalidator -->
    </test> <!-- Default test -->
  </suite> <!-- Default suite -->
</testng-results>
