<?xml version="1.0" encoding="UTF-8"?>
<!-- Generated by org.testng.reporters.JUnitXMLReporter -->
<testsuite ignored="0" hostname="Ranjithkumars.local" failures="0" tests="3" name="Test parallel" time="0.02" errors="0" timestamp="2023-04-04T08:22:34 IST">
  <testcase classname="paralleldemo.parallel" name="testcase1" time="0.005"/>
  <testcase classname="paralleldemo.parallel" name="testcase2" time="0.005"/>
  <testcase classname="paralleldemo.parallel" name="testcase3" time="0.001"/>
</testsuite> <!-- Test parallel -->
