<?xml version="1.0" encoding="UTF-8"?>
<!-- Generated by org.testng.reporters.JUnitXMLReporter -->
<testsuite ignored="2" hostname="Ranjithkumars-MacBook-Air.local" failures="0" tests="1" name="Default test(failed)" time="8.674" errors="0" timestamp="2023-03-29T18:23:22 IST">
  <testcase classname="Testcases_withAssertions.Testcase1" name="testcase1" time="1.423"/>
  <testcase classname="Annotations.NewTest" name="firsttest" time="0.0">
    <ignored/>
  </testcase> <!-- firsttest -->
  <testcase classname="Annotations.NewTest" name="secondtest" time="0.0">
    <ignored/>
  </testcase> <!-- secondtest -->
</testsuite> <!-- Default test(failed) -->
