<?xml version="1.0" encoding="UTF-8"?>
<testng-results ignored="0" total="1" passed="1" failed="0" skipped="0">
  <reporter-output>
  </reporter-output>
  <suite started-at="2023-05-10T10:42:21 IST" name="Default suite" finished-at="2023-05-10T10:42:21 IST" duration-ms="18">
    <groups>
    </groups>
    <test started-at="2023-05-10T10:42:21 IST" name="Default test" finished-at="2023-05-10T10:42:21 IST" duration-ms="18">
      <class name="testng.javatestng">
        <test-method signature="test()[pri:0, instance:testng.javatestng@214b199c]" started-at="2023-05-10T10:42:21 IST" name="test" finished-at="2023-05-10T10:42:21 IST" duration-ms="4" status="PASS">
          <reporter-output>
          </reporter-output>
        </test-method> <!-- test -->
      </class> <!-- testng.javatestng -->
    </test> <!-- Default test -->
  </suite> <!-- Default suite -->
</testng-results>
